\BOOKMARK [1][-]{section.1}{\376\377\000M\000A\000V\000L\000i\000n\000k\000\040\123\117\213\256\214\003\170\024}{}% 1
\BOOKMARK [2][-]{subsection.1.1}{\376\377\000M\000A\000V\000L\000i\000n\000k\000\040\151\202\217\360}{section.1}% 2
\BOOKMARK [2][-]{subsection.1.2}{\376\377\116\016\121\166\116\326\220\032\117\341\145\271\150\110\166\204\133\371\153\324}{section.1}% 3
\BOOKMARK [2][-]{subsection.1.3}{\376\377\174\373\176\337\147\266\147\204\116\016\211\322\202\162\122\022\122\006}{section.1}% 4
\BOOKMARK [2][-]{subsection.1.4}{\376\377\142\200\147\057\220\011\127\213\122\006\147\220}{section.1}% 5
\BOOKMARK [3][-]{subsubsection.1.4.1}{\376\377\000M\000A\000V\000L\000i\000n\000k\000\040\116\016\162\151\164\006\134\102\166\204\220\002\221\115}{subsection.1.4}% 6
\BOOKMARK [3][-]{subsubsection.1.4.2}{\376\377\220\011\127\213\164\006\165\061\377\032\000P\000y\000t\000h\000o\000n\000\040\000+\000\040\000A\000r\000d\000u\000P\000i\000l\000o\000t\000\040\000S\000I\000T\000L\000\040\000+\000\040\000Q\000G\000C}{subsection.1.4}% 7
\BOOKMARK [1][-]{section.2}{\376\377\137\000\123\321\163\257\130\203\221\115\177\156\145\207\150\143}{}% 8
\BOOKMARK [2][-]{subsection.2.1}{\376\377\140\073\117\123\163\257\130\203\213\364\146\016}{section.2}% 9
\BOOKMARK [2][-]{subsection.2.2}{\376\377\000W\000i\000n\000d\000o\000w\000s\000\040\117\247\163\257\130\203\221\115\177\156\155\101\172\013}{section.2}% 10
\BOOKMARK [3][-]{subsubsection.2.2.1}{\376\377\133\211\210\305\000\040\000G\000i\000t\000\040\136\166\117\356\131\015\000\040\000S\000S\000L\000\040\225\356\230\230}{subsection.2.2}% 11
\BOOKMARK [3][-]{subsubsection.2.2.2}{\376\377\133\211\210\305\000\040\000Q\000G\000r\000o\000u\000n\000d\000C\000o\000n\000t\000r\000o\000l}{subsection.2.2}% 12
\BOOKMARK [3][-]{subsubsection.2.2.3}{\376\377\133\211\210\305\000\040\000V\000i\000s\000u\000a\000l\000\040\000S\000t\000u\000d\000i\000o\000\040\000B\000u\000i\000l\000d\000\040\000T\000o\000o\000l\000s\377\010\000M\000S\000V\000C\377\011}{subsection.2.2}% 13
\BOOKMARK [3][-]{subsubsection.2.2.4}{\376\377\133\211\210\305\116\016\221\115\177\156\000\040\000Q\000t\000\040\0005\000.\0001\0005\000.\0002}{subsection.2.2}% 14
\BOOKMARK [2][-]{subsection.2.3}{\376\377\000U\000b\000u\000n\000t\000u\000\040\206\132\142\337\147\072\117\247\377\032\000A\000r\000d\000u\000P\000i\000l\000o\000t\000\040\000S\000I\000T\000L\000\040\221\115\177\156}{section.2}% 15
\BOOKMARK [3][-]{subsubsection.2.3.1}{\376\377\122\033\136\372\206\132\142\337\147\072\136\166\133\211\210\305\000\040\000U\000b\000u\000n\000t\000u}{subsection.2.3}% 16
\BOOKMARK [3][-]{subsubsection.2.3.2}{\376\377\121\113\226\206\000\040\000A\000r\000d\000u\000P\000i\000l\000o\000t\000\040\156\220\170\001}{subsection.2.3}% 17
\BOOKMARK [3][-]{subsubsection.2.3.3}{\376\377\133\211\210\305\000\040\000P\000y\000t\000h\000o\000n\000\040\116\016\174\373\176\337\117\235\215\126}{subsection.2.3}% 18
\BOOKMARK [3][-]{subsubsection.2.3.4}{\376\377\231\226\153\041\124\057\122\250\000\040\000S\000I\000T\000L}{subsection.2.3}% 19
\BOOKMARK [2][-]{subsection.2.4}{\376\377\163\257\130\203\221\115\177\156\116\055\166\204\116\073\211\201\226\276\160\271\116\016\211\343\121\263\145\271\150\110}{section.2}% 20
\BOOKMARK [1][-]{section.3}{\376\377\217\336\143\245\116\016\232\214\213\301}{}% 21
\BOOKMARK [2][-]{subsection.3.1}{\376\377\177\121\176\334\217\336\143\245\221\115\177\156}{section.3}% 22
\BOOKMARK [2][-]{subsection.3.2}{\376\377\000Q\000G\000C\000\040\217\336\143\245\000\040\000S\000I\000T\000L\000\040\232\214\213\301}{section.3}% 23
\BOOKMARK [2][-]{subsection.3.3}{\376\377\000M\000A\000V\000L\000i\000n\000k\000\040\000I\000n\000s\000p\000e\000c\000t\000o\000r\000\040\155\210\140\157\211\302\133\337}{section.3}% 24
\BOOKMARK [2][-]{subsection.3.4}{\376\377\144\315\117\134\116\016\143\007\116\344\155\210\140\157\200\124\122\250\232\214\213\301}{section.3}% 25
\BOOKMARK [2][-]{subsection.3.5}{\376\377\232\214\213\301\142\052\126\376}{section.3}% 26
\BOOKMARK [1][-]{section.4}{\376\377\140\073\176\323\116\016\124\016\176\355\135\345\117\134}{}% 27
